<?xml version="1.0" encoding="UTF-8"?>
<!-- Generated by org.testng.reporters.JUnitReportReporter -->
<testsuite hostname="DESKTOP-BCVV7R2" failures="0" tests="1" name="com.webtest.demo.add_Single1" time="20.061" errors="0" timestamp="05 12æœˆ 2018 08:20:35 GMT" skipped="0">
  <testcase classname="com.webtest.demo.add_Single1" name="single" time="20.061"/>
</testsuite> <!-- com.webtest.demo.add_Single1 -->
