<?xml version="1.0" encoding="UTF-8"?>
<!-- Generated by org.testng.reporters.JUnitReportReporter -->
<testsuite hostname="DESKTOP-BCVV7R2" failures="0" tests="1" name="com.webtest.demo.Rotationchart" time="27.625" errors="0" timestamp="30 11æœˆ 2018 03:07:09 GMT" skipped="0">
  <testcase classname="com.webtest.demo.Rotationchart" name="rotationchart" time="27.625"/>
</testsuite> <!-- com.webtest.demo.Rotationchart -->
