<?xml version="1.0" encoding="UTF-8"?>
<!-- Generated by org.testng.reporters.JUnitReportReporter -->
<testsuite hostname="DESKTOP-BCVV7R2" failures="0" tests="1" name="com.webtest.demo.HandBook" time="33.976" errors="0" timestamp="05 12æœˆ 2018 08:20:35 GMT" skipped="0">
  <testcase classname="com.webtest.demo.HandBook" name="handbook" time="33.976"/>
</testsuite> <!-- com.webtest.demo.HandBook -->
