<?xml version="1.0" encoding="UTF-8"?>
<!-- Generated by org.testng.reporters.JUnitReportReporter -->
<testsuite hostname="DESKTOP-BCVV7R2" failures="0" tests="1" name="com.webtest.demo.Logo" time="31.503" errors="0" timestamp="03 12æœˆ 2018 08:35:28 GMT" skipped="0">
  <testcase classname="com.webtest.demo.Logo" name="logo" time="31.503"/>
</testsuite> <!-- com.webtest.demo.Logo -->
