<?xml version="1.0" encoding="UTF-8"?>
<!-- Generated by org.testng.reporters.JUnitReportReporter -->
<testsuite hostname="DESKTOP-BCVV7R2" failures="0" tests="1" name="com.webtest.demo.MemberBonusPoints" time="14.758" errors="0" timestamp="05 12æœˆ 2018 08:20:35 GMT" skipped="0">
  <testcase classname="com.webtest.demo.MemberBonusPoints" name="member" time="14.758"/>
</testsuite> <!-- com.webtest.demo.MemberBonusPoints -->
