<?xml version="1.0" encoding="UTF-8"?>
<!-- Generated by org.testng.reporters.JUnitReportReporter -->
<testsuite hostname="DESKTOP-BCVV7R2" failures="0" tests="1" name="com.webtest.demo.Front_Login1" time="12.901" errors="0" timestamp="26 11æœˆ 2018 08:29:17 GMT" skipped="0">
  <testcase classname="com.webtest.demo.Front_Login1" name="testSearch" time="12.901"/>
</testsuite> <!-- com.webtest.demo.Front_Login1 -->
