<?xml version="1.0" encoding="UTF-8"?>
<!-- Generated by org.testng.reporters.JUnitReportReporter -->
<testsuite hostname="DESKTOP-BCVV7R2" failures="0" tests="2" name="qgtest.GetTransportFeeTest" time="1.260" errors="0" timestamp="17 12æœˆ 2018 07:30:16 GMT" skipped="0">
  <testcase classname="qgtest.GetTransportFeeTest" name="fee1" time="1.125"/>
  <testcase classname="qgtest.GetTransportFeeTest" name="fee2" time="0.135"/>
</testsuite> <!-- qgtest.GetTransportFeeTest -->
