<?xml version="1.0" encoding="UTF-8"?>
<!-- Generated by org.testng.reporters.JUnitReportReporter -->
<testsuite hostname="DESKTOP-BCVV7R2" failures="0" tests="3" name="qgtest.Scene4" time="1.638" errors="0" timestamp="17 12æœˆ 2018 08:35:05 GMT" skipped="0">
  <testcase classname="qgtest.Scene4" name="addresslist" time="1.298"/>
  <testcase classname="qgtest.Scene4" name="fee" time="0.120"/>
  <testcase classname="qgtest.Scene4" name="submit" time="0.220"/>
</testsuite> <!-- qgtest.Scene4 -->
