<?xml version="1.0" encoding="UTF-8"?>
<!-- Generated by org.testng.reporters.JUnitReportReporter -->
<testsuite hostname="DESKTOP-BCVV7R2" failures="0" tests="1" name="qgtest.SubmitTest" time="1.292" errors="0" timestamp="17 12æœˆ 2018 06:38:21 GMT" skipped="0">
  <testcase classname="qgtest.SubmitTest" name="submit" time="1.292"/>
</testsuite> <!-- qgtest.SubmitTest -->
