<?xml version="1.0" encoding="UTF-8"?>
<!-- Generated by org.testng.reporters.JUnitReportReporter -->
<testsuite hostname="DESKTOP-BCVV7R2" failures="0" tests="1" name="qgtest.AddressDeleteTest" time="1.252" errors="0" timestamp="17 12æœˆ 2018 07:26:53 GMT" skipped="0">
  <testcase classname="qgtest.AddressDeleteTest" name="delete" time="1.252"/>
</testsuite> <!-- qgtest.AddressDeleteTest -->
