<?xml version="1.0" encoding="UTF-8"?>
<!-- Generated by org.testng.reporters.JUnitReportReporter -->
<testsuite hostname="DESKTOP-BCVV7R2" failures="0" tests="1" name="qgtest.AddressListTest" time="1.295" errors="0" timestamp="17 12æœˆ 2018 07:22:32 GMT" skipped="0">
  <testcase classname="qgtest.AddressListTest" name="addresslist1" time="1.295"/>
</testsuite> <!-- qgtest.AddressListTest -->
